<?xml version="1.0" encoding="UTF-8"?>
<testsuite name="com.mindex.challenge.DataBootstrapTest" tests="1" skipped="0" failures="0" errors="0" timestamp="2020-02-16T14:41:54" hostname="Yeet-theSecond" time="25.157">
  <properties/>
  <testcase name="test" classname="com.mindex.challenge.DataBootstrapTest" time="25.157"/>
  <system-out><![CDATA[2020-02-16 08:41:52.004  INFO 1824 --- [    Test worker] .b.t.c.SpringBootTestContextBootstrapper : Neither @ContextConfiguration nor @ContextHierarchy found for test class [com.mindex.challenge.DataBootstrapTest], using SpringBootContextLoader
2020-02-16 08:41:52.406  INFO 1824 --- [    Test worker] o.s.t.c.support.AbstractContextLoader    : Could not detect default resource locations for test class [com.mindex.challenge.DataBootstrapTest]: no resource found for suffixes {-context.xml, Context.groovy}.
2020-02-16 08:41:52.457  INFO 1824 --- [    Test worker] t.c.s.AnnotationConfigContextLoaderUtils : Could not detect default configuration classes for test class [com.mindex.challenge.DataBootstrapTest]: DataBootstrapTest does not declare any static, non-private, non-final, nested classes annotated with @Configuration.
2020-02-16 08:41:53.193  INFO 1824 --- [    Test worker] .b.t.c.SpringBootTestContextBootstrapper : Found @SpringBootConfiguration com.mindex.challenge.ChallengeApplication for test class com.mindex.challenge.DataBootstrapTest
2020-02-16 08:41:53.828  INFO 1824 --- [    Test worker] .b.t.c.SpringBootTestContextBootstrapper : Loaded default TestExecutionListener class names from location [META-INF/spring.factories]: [org.springframework.boot.test.autoconfigure.restdocs.RestDocsTestExecutionListener, org.springframework.boot.test.autoconfigure.web.client.MockRestServiceServerResetTestExecutionListener, org.springframework.boot.test.autoconfigure.web.servlet.MockMvcPrintOnlyOnFailureTestExecutionListener, org.springframework.boot.test.autoconfigure.web.servlet.WebDriverTestExecutionListener, org.springframework.boot.test.mock.mockito.MockitoTestExecutionListener, org.springframework.boot.test.mock.mockito.ResetMocksTestExecutionListener, org.springframework.test.context.web.ServletTestExecutionListener, org.springframework.test.context.support.DirtiesContextBeforeModesTestExecutionListener, org.springframework.test.context.support.DependencyInjectionTestExecutionListener, org.springframework.test.context.support.DirtiesContextTestExecutionListener, org.springframework.test.context.transaction.TransactionalTestExecutionListener, org.springframework.test.context.jdbc.SqlScriptsTestExecutionListener]
2020-02-16 08:41:54.427  INFO 1824 --- [    Test worker] .b.t.c.SpringBootTestContextBootstrapper : Using TestExecutionListeners: [org.springframework.test.context.web.ServletTestExecutionListener@50092e3d, org.springframework.test.context.support.DirtiesContextBeforeModesTestExecutionListener@691b637b, org.springframework.boot.test.autoconfigure.SpringBootDependencyInjectionTestExecutionListener@1ac76289, org.springframework.test.context.support.DirtiesContextTestExecutionListener@390c121a, org.springframework.test.context.transaction.TransactionalTestExecutionListener@20edabc0, org.springframework.test.context.jdbc.SqlScriptsTestExecutionListener@125f041d, org.springframework.boot.test.mock.mockito.ResetMocksTestExecutionListener@332dfff5, org.springframework.boot.test.autoconfigure.web.client.MockRestServiceServerResetTestExecutionListener@6ae8b748, org.springframework.boot.test.autoconfigure.web.servlet.MockMvcPrintOnlyOnFailureTestExecutionListener@2796b27e, org.springframework.boot.test.autoconfigure.web.servlet.WebDriverTestExecutionListener@4d03257d, org.springframework.boot.test.mock.mockito.MockitoTestExecutionListener@110db97f, org.springframework.boot.test.autoconfigure.restdocs.RestDocsTestExecutionListener@3ef01ee1]
]]></system-out>
  <system-err><![CDATA[]]></system-err>
</testsuite>
